<?xml version="1.0" encoding="UTF-8"?>
<testng-results skipped="0" failed="0" ignored="0" total="2" passed="2">
  <reporter-output>
  </reporter-output>
  <suite name="nopCommerce" duration-ms="75636" started-at="2020-09-02T11:48:51Z" finished-at="2020-09-02T11:50:07Z">
    <groups>
    </groups>
    <test name="Test1" duration-ms="75636" started-at="2020-09-02T11:48:51Z" finished-at="2020-09-02T11:50:07Z">
      <class name="com.nopCommerce.testCases.TestCaseLoginPage_001">
        <test-method status="PASS" signature="setUp(java.lang.String)[pri:0, instance:com.nopCommerce.testCases.TestCaseLoginPage_001@5b464ce8]" name="setUp" is-config="true" duration-ms="10501" started-at="2020-09-02T11:48:52Z" finished-at="2020-09-02T11:49:02Z">
          <params>
            <param index="0">
              <value>
                <![CDATA[chrome]]>
              </value>
            </param>
          </params>
          <reporter-output>
          </reporter-output>
        </test-method> <!-- setUp -->
        <test-method status="PASS" signature="logIn()[pri:0, instance:com.nopCommerce.testCases.TestCaseLoginPage_001@5b464ce8]" name="logIn" duration-ms="8739" started-at="2020-09-02T11:49:02Z" finished-at="2020-09-02T11:49:11Z">
          <reporter-output>
          </reporter-output>
        </test-method> <!-- logIn -->
        <test-method status="PASS" signature="tearDown()[pri:0, instance:com.nopCommerce.testCases.TestCaseLoginPage_001@5b464ce8]" name="tearDown" is-config="true" duration-ms="1168" started-at="2020-09-02T11:49:11Z" finished-at="2020-09-02T11:49:12Z">
          <reporter-output>
          </reporter-output>
        </test-method> <!-- tearDown -->
      </class> <!-- com.nopCommerce.testCases.TestCaseLoginPage_001 -->
      <class name="com.nopCommerce.testCases.TestCaseAddNewCustomer_003">
        <test-method status="PASS" signature="setUp(java.lang.String)[pri:0, instance:com.nopCommerce.testCases.TestCaseAddNewCustomer_003@57829d67]" name="setUp" is-config="true" duration-ms="8725" started-at="2020-09-02T11:49:12Z" finished-at="2020-09-02T11:49:21Z">
          <params>
            <param index="0">
              <value>
                <![CDATA[chrome]]>
              </value>
            </param>
          </params>
          <reporter-output>
          </reporter-output>
        </test-method> <!-- setUp -->
        <test-method status="PASS" signature="addNewCustomer()[pri:0, instance:com.nopCommerce.testCases.TestCaseAddNewCustomer_003@57829d67]" name="addNewCustomer" duration-ms="45095" started-at="2020-09-02T11:49:21Z" finished-at="2020-09-02T11:50:06Z">
          <reporter-output>
          </reporter-output>
        </test-method> <!-- addNewCustomer -->
        <test-method status="PASS" signature="tearDown()[pri:0, instance:com.nopCommerce.testCases.TestCaseAddNewCustomer_003@57829d67]" name="tearDown" is-config="true" duration-ms="1090" started-at="2020-09-02T11:50:06Z" finished-at="2020-09-02T11:50:07Z">
          <reporter-output>
          </reporter-output>
        </test-method> <!-- tearDown -->
      </class> <!-- com.nopCommerce.testCases.TestCaseAddNewCustomer_003 -->
    </test> <!-- Test1 -->
  </suite> <!-- nopCommerce -->
</testng-results>
