<?xml version="1.0" encoding="UTF-8"?>
<testng-results skipped="0" failed="0" ignored="0" total="2" passed="2">
  <reporter-output>
  </reporter-output>
  <suite name="nopCommerce" duration-ms="79598" started-at="2020-09-02T11:52:07Z" finished-at="2020-09-02T11:53:27Z">
    <groups>
    </groups>
    <test name="Test1" duration-ms="79598" started-at="2020-09-02T11:52:07Z" finished-at="2020-09-02T11:53:27Z">
      <class name="com.nopCommerce.testCases.TestCaseLoginPage_001">
        <test-method status="PASS" signature="setUp(java.lang.String)[pri:0, instance:com.nopCommerce.testCases.TestCaseLoginPage_001@42e26948]" name="setUp" is-config="true" duration-ms="11123" started-at="2020-09-02T11:52:07Z" finished-at="2020-09-02T11:52:19Z">
          <params>
            <param index="0">
              <value>
                <![CDATA[chrome]]>
              </value>
            </param>
          </params>
          <reporter-output>
          </reporter-output>
        </test-method> <!-- setUp -->
        <test-method status="PASS" signature="logIn()[pri:0, instance:com.nopCommerce.testCases.TestCaseLoginPage_001@42e26948]" name="logIn" duration-ms="8096" started-at="2020-09-02T11:52:19Z" finished-at="2020-09-02T11:52:27Z">
          <reporter-output>
          </reporter-output>
        </test-method> <!-- logIn -->
        <test-method status="PASS" signature="tearDown()[pri:0, instance:com.nopCommerce.testCases.TestCaseLoginPage_001@42e26948]" name="tearDown" is-config="true" duration-ms="1262" started-at="2020-09-02T11:52:27Z" finished-at="2020-09-02T11:52:28Z">
          <reporter-output>
          </reporter-output>
        </test-method> <!-- tearDown -->
      </class> <!-- com.nopCommerce.testCases.TestCaseLoginPage_001 -->
      <class name="com.nopCommerce.testCases.TestCaseAddNewCustomer_003">
        <test-method status="PASS" signature="setUp(java.lang.String)[pri:0, instance:com.nopCommerce.testCases.TestCaseAddNewCustomer_003@57baeedf]" name="setUp" is-config="true" duration-ms="11108" started-at="2020-09-02T11:52:28Z" finished-at="2020-09-02T11:52:39Z">
          <params>
            <param index="0">
              <value>
                <![CDATA[chrome]]>
              </value>
            </param>
          </params>
          <reporter-output>
          </reporter-output>
        </test-method> <!-- setUp -->
        <test-method status="PASS" signature="addNewCustomer()[pri:0, instance:com.nopCommerce.testCases.TestCaseAddNewCustomer_003@57baeedf]" name="addNewCustomer" duration-ms="46337" started-at="2020-09-02T11:52:39Z" finished-at="2020-09-02T11:53:25Z">
          <reporter-output>
          </reporter-output>
        </test-method> <!-- addNewCustomer -->
        <test-method status="PASS" signature="tearDown()[pri:0, instance:com.nopCommerce.testCases.TestCaseAddNewCustomer_003@57baeedf]" name="tearDown" is-config="true" duration-ms="1323" started-at="2020-09-02T11:53:25Z" finished-at="2020-09-02T11:53:27Z">
          <reporter-output>
          </reporter-output>
        </test-method> <!-- tearDown -->
      </class> <!-- com.nopCommerce.testCases.TestCaseAddNewCustomer_003 -->
    </test> <!-- Test1 -->
  </suite> <!-- nopCommerce -->
</testng-results>
